<?xml version="1.0" encoding="UTF-8"?>
<!-- Generated by org.testng.reporters.JUnitReportReporter -->
<testsuite hostname="Subash" name="test.NewClassGit" tests="1" failures="0" timestamp="9 Feb 2020 16:54:37 GMT" time="0.027" errors="0">
  <testcase name="guhu" time="0.027" classname="test.NewClassGit"/>
</testsuite> <!-- test.NewClassGit -->
