<?xml version="1.0" encoding="UTF-8"?>
<!-- Generated by org.testng.reporters.JUnitReportReporter -->
<testsuite hostname="Subash" name="test.Removeelement" tests="1" failures="0" timestamp="9 Feb 2020 16:54:19 GMT" time="7.559" errors="1">
  <testcase name="addingRandomizeAccountAndBalance" time="7.559" classname="test.Removeelement">
    <error type="java.lang.Error" message="Unresolved compilation problems: 
	Syntax error on token &quot;Invalid Character&quot;, delete this token
	page cannot be resolved to a variable
	wrapper cannot be resolved to a variable
	div cannot be resolved to a variable
	content cannot be resolved to a variable
	div cannot be resolved to a variable
	div cannot be resolved to a variable
	div cannot be resolved to a variable
	div cannot be resolved to a variable
	content cannot be resolved to a variable
	table cannot be resolved to a variable
	tbody cannot be resolved to a variable
	tr cannot be resolved to a variable
	Syntax error on token &quot;:&quot;, ? expected
	nth cannot be resolved to a variable
	The method child(int) is undefined for the type Removeelement
	td cannot be resolved to a variable
	nth cannot be resolved to a variable
	The method child(int) is undefined for the type Removeelement
	Syntax error, insert &quot;}&quot; to complete Statement
">
      <![CDATA[java.lang.Error: Unresolved compilation problems: 
	Syntax error on token "Invalid Character", delete this token
	page cannot be resolved to a variable
	wrapper cannot be resolved to a variable
	div cannot be resolved to a variable
	content cannot be resolved to a variable
	div cannot be resolved to a variable
	div cannot be resolved to a variable
	div cannot be resolved to a variable
	div cannot be resolved to a variable
	content cannot be resolved to a variable
	table cannot be resolved to a variable
	tbody cannot be resolved to a variable
	tr cannot be resolved to a variable
	Syntax error on token ":", ? expected
	nth cannot be resolved to a variable
	The method child(int) is undefined for the type Removeelement
	td cannot be resolved to a variable
	nth cannot be resolved to a variable
	The method child(int) is undefined for the type Removeelement
	Syntax error, insert "}" to complete Statement

	at test.Removeelement.addingRandomizeAccountAndBalance(Removeelement.java:59)
	at sun.reflect.NativeMethodAccessorImpl.invoke0(Native Method)
	at sun.reflect.NativeMethodAccessorImpl.invoke(NativeMethodAccessorImpl.java:62)
	at sun.reflect.DelegatingMethodAccessorImpl.invoke(DelegatingMethodAccessorImpl.java:43)
	at java.lang.reflect.Method.invoke(Method.java:498)
	at org.testng.internal.MethodInvocationHelper.invokeMethod(MethodInvocationHelper.java:86)
	at org.testng.internal.Invoker.invokeMethod(Invoker.java:645)
	at org.testng.internal.Invoker.invokeTestMethod(Invoker.java:822)
	at org.testng.internal.Invoker.invokeTestMethods(Invoker.java:1130)
	at org.testng.internal.TestMethodWorker.invokeTestMethods(TestMethodWorker.java:129)
	at org.testng.internal.TestMethodWorker.run(TestMethodWorker.java:112)
	at org.testng.TestRunner.privateRun(TestRunner.java:782)
	at org.testng.TestRunner.run(TestRunner.java:632)
	at org.testng.SuiteRunner.runTest(SuiteRunner.java:366)
	at org.testng.SuiteRunner.runSequentially(SuiteRunner.java:361)
	at org.testng.SuiteRunner.privateRun(SuiteRunner.java:319)
	at org.testng.SuiteRunner.run(SuiteRunner.java:268)
	at org.testng.SuiteRunnerWorker.runSuite(SuiteRunnerWorker.java:52)
	at org.testng.SuiteRunnerWorker.run(SuiteRunnerWorker.java:86)
	at org.testng.TestNG.runSuitesSequentially(TestNG.java:1244)
	at org.testng.TestNG.runSuitesLocally(TestNG.java:1169)
	at org.testng.TestNG.run(TestNG.java:1064)
	at org.testng.remote.RemoteTestNG.run(RemoteTestNG.java:113)
	at org.testng.remote.RemoteTestNG.initAndRun(RemoteTestNG.java:206)
	at org.testng.remote.RemoteTestNG.main(RemoteTestNG.java:177)
]]>
    </error>
  </testcase> <!-- addingRandomizeAccountAndBalance -->
</testsuite> <!-- test.Removeelement -->
